<?xml version="1.0" encoding="UTF-8"?>
<testsuite name="pl.stqa.pft.addressbook.tests.ContactDeleteTest" tests="1" skipped="0" failures="1" errors="0" timestamp="2019-03-10T14:28:29" hostname="Maniek" time="0.576">
  <properties/>
  <testcase name="testDeleteContact" classname="pl.stqa.pft.addressbook.tests.ContactDeleteTest" time="0.576">
    <failure message="java.lang.AssertionError: &#10;Expected: &lt;[ContactData{id='113', name='name 0', lastname='lastname 0'}, ContactData{id='114', name='name 1', lastname='lastname 1'}, ContactData{id='109', name='Ola', lastname='Grzeskiewicz'}, ContactData{id='111', name='name 1', lastname='lastname 1'}, ContactData{id='108', name='Ola', lastname='Grzeskiewicz'}, ContactData{id='112', name='name 2', lastname='lastname 2'}, ContactData{id='110', name='name 0', lastname='lastname 0'}, ContactData{id='117', name='name 1', lastname='lastname 1'}, ContactData{id='91', name='Marcin', lastname='Grzeskiewicz'}, ContactData{id='118', name='name 2', lastname='lastname 2'}, ContactData{id='115', name='name 2', lastname='lastname 2'}, ContactData{id='116', name='name 0', lastname='lastname 0'}]&gt;&#10;     but: was &lt;[ContactData{id='107', name='Ola', lastname='Grzeskiewicz'}, ContactData{id='113', name='name 0', lastname='lastname 0'}, ContactData{id='114', name='name 1', lastname='lastname 1'}, ContactData{id='109', name='Ola', lastname='Grzeskiewicz'}, ContactData{id='111', name='name 1', lastname='lastname 1'}, ContactData{id='108', name='Ola', lastname='Grzeskiewicz'}, ContactData{id='112', name='name 2', lastname='lastname 2'}, ContactData{id='110', name='name 0', lastname='lastname 0'}, ContactData{id='117', name='name 1', lastname='lastname 1'}, ContactData{id='91', name='Marcin', lastname='Grzeskiewicz'}, ContactData{id='118', name='name 2', lastname='lastname 2'}, ContactData{id='115', name='name 2', lastname='lastname 2'}, ContactData{id='116', name='name 0', lastname='lastname 0'}]&gt;" type="java.lang.AssertionError">java.lang.AssertionError: 
Expected: &lt;[ContactData{id='113', name='name 0', lastname='lastname 0'}, ContactData{id='114', name='name 1', lastname='lastname 1'}, ContactData{id='109', name='Ola', lastname='Grzeskiewicz'}, ContactData{id='111', name='name 1', lastname='lastname 1'}, ContactData{id='108', name='Ola', lastname='Grzeskiewicz'}, ContactData{id='112', name='name 2', lastname='lastname 2'}, ContactData{id='110', name='name 0', lastname='lastname 0'}, ContactData{id='117', name='name 1', lastname='lastname 1'}, ContactData{id='91', name='Marcin', lastname='Grzeskiewicz'}, ContactData{id='118', name='name 2', lastname='lastname 2'}, ContactData{id='115', name='name 2', lastname='lastname 2'}, ContactData{id='116', name='name 0', lastname='lastname 0'}]&gt;
     but: was &lt;[ContactData{id='107', name='Ola', lastname='Grzeskiewicz'}, ContactData{id='113', name='name 0', lastname='lastname 0'}, ContactData{id='114', name='name 1', lastname='lastname 1'}, ContactData{id='109', name='Ola', lastname='Grzeskiewicz'}, ContactData{id='111', name='name 1', lastname='lastname 1'}, ContactData{id='108', name='Ola', lastname='Grzeskiewicz'}, ContactData{id='112', name='name 2', lastname='lastname 2'}, ContactData{id='110', name='name 0', lastname='lastname 0'}, ContactData{id='117', name='name 1', lastname='lastname 1'}, ContactData{id='91', name='Marcin', lastname='Grzeskiewicz'}, ContactData{id='118', name='name 2', lastname='lastname 2'}, ContactData{id='115', name='name 2', lastname='lastname 2'}, ContactData{id='116', name='name 0', lastname='lastname 0'}]&gt;
	at org.hamcrest.MatcherAssert.assertThat(MatcherAssert.java:18)
	at org.hamcrest.MatcherAssert.assertThat(MatcherAssert.java:6)
	at pl.stqa.pft.addressbook.tests.ContactDeleteTest.testDeleteContact(ContactDeleteTest.java:30)
	at sun.reflect.NativeMethodAccessorImpl.invoke0(Native Method)
	at sun.reflect.NativeMethodAccessorImpl.invoke(NativeMethodAccessorImpl.java:62)
	at sun.reflect.DelegatingMethodAccessorImpl.invoke(DelegatingMethodAccessorImpl.java:43)
	at java.lang.reflect.Method.invoke(Method.java:498)
	at org.testng.internal.MethodInvocationHelper.invokeMethod(MethodInvocationHelper.java:131)
	at org.testng.internal.TestInvoker.invokeMethod(TestInvoker.java:570)
	at org.testng.internal.TestInvoker.invokeTestMethod(TestInvoker.java:170)
	at org.testng.internal.MethodRunner.runInSequence(MethodRunner.java:46)
	at org.testng.internal.TestInvoker$MethodInvocationAgent.invoke(TestInvoker.java:790)
	at org.testng.internal.TestInvoker.invokeTestMethods(TestInvoker.java:143)
	at org.testng.internal.TestMethodWorker.invokeTestMethods(TestMethodWorker.java:146)
	at org.testng.internal.TestMethodWorker.run(TestMethodWorker.java:128)
	at org.testng.TestRunner.privateRun(TestRunner.java:763)
	at org.testng.TestRunner.run(TestRunner.java:594)
	at org.testng.SuiteRunner.runTest(SuiteRunner.java:398)
	at org.testng.SuiteRunner.runSequentially(SuiteRunner.java:392)
	at org.testng.SuiteRunner.privateRun(SuiteRunner.java:355)
	at org.testng.SuiteRunner.run(SuiteRunner.java:304)
	at org.testng.SuiteRunnerWorker.runSuite(SuiteRunnerWorker.java:53)
	at org.testng.SuiteRunnerWorker.run(SuiteRunnerWorker.java:96)
	at org.testng.TestNG.runSuitesSequentially(TestNG.java:1146)
	at org.testng.TestNG.runSuitesLocally(TestNG.java:1067)
	at org.testng.TestNG.runSuites(TestNG.java:997)
	at org.testng.TestNG.run(TestNG.java:965)
	at org.gradle.api.internal.tasks.testing.testng.TestNGTestClassProcessor.runTests(TestNGTestClassProcessor.java:139)
	at org.gradle.api.internal.tasks.testing.testng.TestNGTestClassProcessor.stop(TestNGTestClassProcessor.java:89)
	at org.gradle.api.internal.tasks.testing.SuiteTestClassProcessor.stop(SuiteTestClassProcessor.java:61)
	at sun.reflect.NativeMethodAccessorImpl.invoke0(Native Method)
	at sun.reflect.NativeMethodAccessorImpl.invoke(NativeMethodAccessorImpl.java:62)
	at sun.reflect.DelegatingMethodAccessorImpl.invoke(DelegatingMethodAccessorImpl.java:43)
	at java.lang.reflect.Method.invoke(Method.java:498)
	at org.gradle.internal.dispatch.ReflectionDispatch.dispatch(ReflectionDispatch.java:35)
	at org.gradle.internal.dispatch.ReflectionDispatch.dispatch(ReflectionDispatch.java:24)
	at org.gradle.internal.dispatch.ContextClassLoaderDispatch.dispatch(ContextClassLoaderDispatch.java:32)
	at org.gradle.internal.dispatch.ProxyDispatchAdapter$DispatchingInvocationHandler.invoke(ProxyDispatchAdapter.java:93)
	at com.sun.proxy.$Proxy2.stop(Unknown Source)
	at org.gradle.api.internal.tasks.testing.worker.TestWorker.stop(TestWorker.java:131)
	at sun.reflect.NativeMethodAccessorImpl.invoke0(Native Method)
	at sun.reflect.NativeMethodAccessorImpl.invoke(NativeMethodAccessorImpl.java:62)
	at sun.reflect.DelegatingMethodAccessorImpl.invoke(DelegatingMethodAccessorImpl.java:43)
	at java.lang.reflect.Method.invoke(Method.java:498)
	at org.gradle.internal.dispatch.ReflectionDispatch.dispatch(ReflectionDispatch.java:35)
	at org.gradle.internal.dispatch.ReflectionDispatch.dispatch(ReflectionDispatch.java:24)
	at org.gradle.internal.remote.internal.hub.MessageHubBackedObjectConnection$DispatchWrapper.dispatch(MessageHubBackedObjectConnection.java:155)
	at org.gradle.internal.remote.internal.hub.MessageHubBackedObjectConnection$DispatchWrapper.dispatch(MessageHubBackedObjectConnection.java:137)
	at org.gradle.internal.remote.internal.hub.MessageHub$Handler.run(MessageHub.java:404)
	at org.gradle.internal.concurrent.ExecutorPolicy$CatchAndRecordFailures.onExecute(ExecutorPolicy.java:63)
	at org.gradle.internal.concurrent.ManagedExecutorImpl$1.run(ManagedExecutorImpl.java:46)
	at java.util.concurrent.ThreadPoolExecutor.runWorker(ThreadPoolExecutor.java:1149)
	at java.util.concurrent.ThreadPoolExecutor$Worker.run(ThreadPoolExecutor.java:624)
	at org.gradle.internal.concurrent.ThreadFactoryImpl$ManagedThreadRunnable.run(ThreadFactoryImpl.java:55)
	at java.lang.Thread.run(Thread.java:748)
</failure>
  </testcase>
  <system-out><![CDATA[]]></system-out>
  <system-err><![CDATA[]]></system-err>
</testsuite>
